[2023-11-23T00:00:10.786+0000] {taskinstance.py:1159} INFO - Dependencies all met for dep_context=non-requeueable deps ti=<TaskInstance: outcomes_dag.Load_to_staging scheduled__2023-11-22T00:00:00+00:00 [queued]>
[2023-11-23T00:00:10.790+0000] {taskinstance.py:1159} INFO - Dependencies all met for dep_context=requeueable deps ti=<TaskInstance: outcomes_dag.Load_to_staging scheduled__2023-11-22T00:00:00+00:00 [queued]>
[2023-11-23T00:00:10.790+0000] {taskinstance.py:1361} INFO - Starting attempt 1 of 4
[2023-11-23T00:00:10.797+0000] {taskinstance.py:1382} INFO - Executing <Task(PythonOperator): Load_to_staging> on 2023-11-22 00:00:00+00:00
[2023-11-23T00:00:10.802+0000] {standard_task_runner.py:57} INFO - Started process 777 to run task
[2023-11-23T00:00:10.805+0000] {standard_task_runner.py:84} INFO - Running: ['***', 'tasks', 'run', 'outcomes_dag', 'Load_to_staging', 'scheduled__2023-11-22T00:00:00+00:00', '--job-id', '156', '--raw', '--subdir', 'DAGS_FOLDER/outcomes_dag.py', '--cfg-path', '/tmp/tmpmxjy708v']
[2023-11-23T00:00:10.808+0000] {standard_task_runner.py:85} INFO - Job 156: Subtask Load_to_staging
[2023-11-23T00:00:10.843+0000] {task_command.py:416} INFO - Running <TaskInstance: outcomes_dag.Load_to_staging scheduled__2023-11-22T00:00:00+00:00 [running]> on host 371cae71aa63
[2023-11-23T00:00:10.901+0000] {taskinstance.py:1662} INFO - Exporting env vars: AIRFLOW_CTX_DAG_OWNER='***' AIRFLOW_CTX_DAG_ID='outcomes_dag' AIRFLOW_CTX_TASK_ID='Load_to_staging' AIRFLOW_CTX_EXECUTION_DATE='2023-11-22T00:00:00+00:00' AIRFLOW_CTX_TRY_NUMBER='1' AIRFLOW_CTX_DAG_RUN_ID='scheduled__2023-11-22T00:00:00+00:00'
[2023-11-23T00:00:11.513+0000] {taskinstance.py:1937} ERROR - Task failed with exception
Traceback (most recent call last):
  File "/home/airflow/.local/lib/python3.8/site-packages/airflow/operators/python.py", line 192, in execute
    return_value = self.execute_callable()
  File "/home/airflow/.local/lib/python3.8/site-packages/airflow/operators/python.py", line 209, in execute_callable
    return self.python_callable(*self.op_args, **self.op_kwargs)
  File "/opt/airflow/dags/ETL/load.py", line 33, in data_to_staging
    load_job.result()  # Wait for the job to complete
  File "/home/airflow/.local/lib/python3.8/site-packages/google/cloud/bigquery/job/base.py", line 922, in result
    return super(_AsyncJob, self).result(timeout=timeout, **kwargs)
  File "/home/airflow/.local/lib/python3.8/site-packages/google/api_core/future/polling.py", line 261, in result
    raise self._exception
google.api_core.exceptions.BadRequest: 400 No schema specified on job or table.
[2023-11-23T00:00:11.568+0000] {taskinstance.py:1400} INFO - Marking task as UP_FOR_RETRY. dag_id=outcomes_dag, task_id=Load_to_staging, execution_date=20231122T000000, start_date=20231123T000010, end_date=20231123T000011
[2023-11-23T00:00:11.582+0000] {standard_task_runner.py:104} ERROR - Failed to execute job 156 for task Load_to_staging (400 No schema specified on job or table.; 777)
[2023-11-23T00:00:11.651+0000] {local_task_job_runner.py:228} INFO - Task exited with return code 1
[2023-11-23T00:43:16.343+0000] {taskinstance.py:1159} INFO - Dependencies all met for dep_context=non-requeueable deps ti=<TaskInstance: outcomes_dag.Load_to_staging scheduled__2023-11-22T00:00:00+00:00 [queued]>
[2023-11-23T00:43:16.348+0000] {taskinstance.py:1159} INFO - Dependencies all met for dep_context=requeueable deps ti=<TaskInstance: outcomes_dag.Load_to_staging scheduled__2023-11-22T00:00:00+00:00 [queued]>
[2023-11-23T00:43:16.348+0000] {taskinstance.py:1361} INFO - Starting attempt 1 of 4
[2023-11-23T00:43:16.357+0000] {taskinstance.py:1382} INFO - Executing <Task(PythonOperator): Load_to_staging> on 2023-11-22 00:00:00+00:00
[2023-11-23T00:43:16.362+0000] {standard_task_runner.py:57} INFO - Started process 526 to run task
[2023-11-23T00:43:16.366+0000] {standard_task_runner.py:84} INFO - Running: ['***', 'tasks', 'run', 'outcomes_dag', 'Load_to_staging', 'scheduled__2023-11-22T00:00:00+00:00', '--job-id', '137', '--raw', '--subdir', 'DAGS_FOLDER/outcomes_dag.py', '--cfg-path', '/tmp/tmpzs9osjou']
[2023-11-23T00:43:16.370+0000] {standard_task_runner.py:85} INFO - Job 137: Subtask Load_to_staging
[2023-11-23T00:43:16.431+0000] {task_command.py:416} INFO - Running <TaskInstance: outcomes_dag.Load_to_staging scheduled__2023-11-22T00:00:00+00:00 [running]> on host 75913536581a
[2023-11-23T00:43:16.520+0000] {taskinstance.py:1662} INFO - Exporting env vars: AIRFLOW_CTX_DAG_OWNER='***' AIRFLOW_CTX_DAG_ID='outcomes_dag' AIRFLOW_CTX_TASK_ID='Load_to_staging' AIRFLOW_CTX_EXECUTION_DATE='2023-11-22T00:00:00+00:00' AIRFLOW_CTX_TRY_NUMBER='1' AIRFLOW_CTX_DAG_RUN_ID='scheduled__2023-11-22T00:00:00+00:00'
[2023-11-23T00:43:17.203+0000] {taskinstance.py:1937} ERROR - Task failed with exception
Traceback (most recent call last):
  File "/home/airflow/.local/lib/python3.8/site-packages/airflow/operators/python.py", line 192, in execute
    return_value = self.execute_callable()
  File "/home/airflow/.local/lib/python3.8/site-packages/airflow/operators/python.py", line 209, in execute_callable
    return self.python_callable(*self.op_args, **self.op_kwargs)
  File "/opt/airflow/dags/ETL/load.py", line 35, in data_to_staging
    load_job.result()  # Wait for the job to complete
  File "/home/airflow/.local/lib/python3.8/site-packages/google/cloud/bigquery/job/base.py", line 922, in result
    return super(_AsyncJob, self).result(timeout=timeout, **kwargs)
  File "/home/airflow/.local/lib/python3.8/site-packages/google/api_core/future/polling.py", line 261, in result
    raise self._exception
google.api_core.exceptions.BadRequest: 400 No schema specified on job or table.
[2023-11-23T00:43:17.223+0000] {taskinstance.py:1400} INFO - Marking task as UP_FOR_RETRY. dag_id=outcomes_dag, task_id=Load_to_staging, execution_date=20231122T000000, start_date=20231123T004316, end_date=20231123T004317
[2023-11-23T00:43:17.252+0000] {standard_task_runner.py:104} ERROR - Failed to execute job 137 for task Load_to_staging (400 No schema specified on job or table.; 526)
[2023-11-23T00:43:17.307+0000] {local_task_job_runner.py:228} INFO - Task exited with return code 1
