[2023-11-23T00:57:54.257+0000] {taskinstance.py:1159} INFO - Dependencies all met for dep_context=non-requeueable deps ti=<TaskInstance: outcomes_dag.Initialize_wharehouse_schema scheduled__2023-11-21T00:00:00+00:00 [queued]>
[2023-11-23T00:57:54.261+0000] {taskinstance.py:1159} INFO - Dependencies all met for dep_context=requeueable deps ti=<TaskInstance: outcomes_dag.Initialize_wharehouse_schema scheduled__2023-11-21T00:00:00+00:00 [queued]>
[2023-11-23T00:57:54.261+0000] {taskinstance.py:1361} INFO - Starting attempt 3 of 3
[2023-11-23T00:57:54.267+0000] {taskinstance.py:1382} INFO - Executing <Task(PythonOperator): Initialize_wharehouse_schema> on 2023-11-21 00:00:00+00:00
[2023-11-23T00:57:54.271+0000] {standard_task_runner.py:57} INFO - Started process 833 to run task
[2023-11-23T00:57:54.273+0000] {standard_task_runner.py:84} INFO - Running: ['***', 'tasks', 'run', 'outcomes_dag', 'Initialize_wharehouse_schema', 'scheduled__2023-11-21T00:00:00+00:00', '--job-id', '165', '--raw', '--subdir', 'DAGS_FOLDER/outcomes_dag.py', '--cfg-path', '/tmp/tmpsj3ph6uc']
[2023-11-23T00:57:54.275+0000] {standard_task_runner.py:85} INFO - Job 165: Subtask Initialize_wharehouse_schema
[2023-11-23T00:57:54.306+0000] {task_command.py:416} INFO - Running <TaskInstance: outcomes_dag.Initialize_wharehouse_schema scheduled__2023-11-21T00:00:00+00:00 [running]> on host 75913536581a
[2023-11-23T00:57:54.344+0000] {taskinstance.py:1662} INFO - Exporting env vars: AIRFLOW_CTX_DAG_OWNER='***' AIRFLOW_CTX_DAG_ID='outcomes_dag' AIRFLOW_CTX_TASK_ID='Initialize_wharehouse_schema' AIRFLOW_CTX_EXECUTION_DATE='2023-11-21T00:00:00+00:00' AIRFLOW_CTX_TRY_NUMBER='3' AIRFLOW_CTX_DAG_RUN_ID='scheduled__2023-11-21T00:00:00+00:00'
[2023-11-23T00:57:54.380+0000] {load.py:22} ERROR - Error executing SQL script: name 'sql_script_path' is not defined
[2023-11-23T00:57:54.381+0000] {taskinstance.py:1937} ERROR - Task failed with exception
Traceback (most recent call last):
  File "/home/airflow/.local/lib/python3.8/site-packages/airflow/operators/python.py", line 192, in execute
    return_value = self.execute_callable()
  File "/home/airflow/.local/lib/python3.8/site-packages/airflow/operators/python.py", line 209, in execute_callable
    return self.python_callable(*self.op_args, **self.op_kwargs)
  File "/opt/airflow/dags/ETL/load.py", line 10, in execute_sql_script
    with open(sql_script_path, 'r') as sql_file:
NameError: name 'sql_script_path' is not defined
[2023-11-23T00:57:54.387+0000] {taskinstance.py:1400} INFO - Marking task as FAILED. dag_id=outcomes_dag, task_id=Initialize_wharehouse_schema, execution_date=20231121T000000, start_date=20231123T005754, end_date=20231123T005754
[2023-11-23T00:57:54.392+0000] {standard_task_runner.py:104} ERROR - Failed to execute job 165 for task Initialize_wharehouse_schema (name 'sql_script_path' is not defined; 833)
[2023-11-23T00:57:54.406+0000] {local_task_job_runner.py:228} INFO - Task exited with return code 1
