[2023-11-23T00:00:04.762+0000] {taskinstance.py:1159} INFO - Dependencies all met for dep_context=non-requeueable deps ti=<TaskInstance: outcomes_dag.Load_to_staging scheduled__2023-11-20T00:00:00+00:00 [queued]>
[2023-11-23T00:00:04.767+0000] {taskinstance.py:1159} INFO - Dependencies all met for dep_context=requeueable deps ti=<TaskInstance: outcomes_dag.Load_to_staging scheduled__2023-11-20T00:00:00+00:00 [queued]>
[2023-11-23T00:00:04.767+0000] {taskinstance.py:1361} INFO - Starting attempt 8 of 8
[2023-11-23T00:00:04.773+0000] {taskinstance.py:1382} INFO - Executing <Task(PythonOperator): Load_to_staging> on 2023-11-20 00:00:00+00:00
[2023-11-23T00:00:04.778+0000] {standard_task_runner.py:57} INFO - Started process 770 to run task
[2023-11-23T00:00:04.781+0000] {standard_task_runner.py:84} INFO - Running: ['***', 'tasks', 'run', 'outcomes_dag', 'Load_to_staging', 'scheduled__2023-11-20T00:00:00+00:00', '--job-id', '153', '--raw', '--subdir', 'DAGS_FOLDER/outcomes_dag.py', '--cfg-path', '/tmp/tmpz6rutatq']
[2023-11-23T00:00:04.784+0000] {standard_task_runner.py:85} INFO - Job 153: Subtask Load_to_staging
[2023-11-23T00:00:04.822+0000] {task_command.py:416} INFO - Running <TaskInstance: outcomes_dag.Load_to_staging scheduled__2023-11-20T00:00:00+00:00 [running]> on host 371cae71aa63
[2023-11-23T00:00:04.870+0000] {taskinstance.py:1662} INFO - Exporting env vars: AIRFLOW_CTX_DAG_OWNER='***' AIRFLOW_CTX_DAG_ID='outcomes_dag' AIRFLOW_CTX_TASK_ID='Load_to_staging' AIRFLOW_CTX_EXECUTION_DATE='2023-11-20T00:00:00+00:00' AIRFLOW_CTX_TRY_NUMBER='8' AIRFLOW_CTX_DAG_RUN_ID='scheduled__2023-11-20T00:00:00+00:00'
[2023-11-23T00:00:05.305+0000] {taskinstance.py:1937} ERROR - Task failed with exception
Traceback (most recent call last):
  File "/home/airflow/.local/lib/python3.8/site-packages/airflow/operators/python.py", line 192, in execute
    return_value = self.execute_callable()
  File "/home/airflow/.local/lib/python3.8/site-packages/airflow/operators/python.py", line 209, in execute_callable
    return self.python_callable(*self.op_args, **self.op_kwargs)
  File "/opt/airflow/dags/ETL/load.py", line 33, in data_to_staging
    load_job.result()  # Wait for the job to complete
  File "/home/airflow/.local/lib/python3.8/site-packages/google/cloud/bigquery/job/base.py", line 922, in result
    return super(_AsyncJob, self).result(timeout=timeout, **kwargs)
  File "/home/airflow/.local/lib/python3.8/site-packages/google/api_core/future/polling.py", line 261, in result
    raise self._exception
google.api_core.exceptions.BadRequest: 400 No schema specified on job or table.
[2023-11-23T00:00:05.320+0000] {taskinstance.py:1400} INFO - Marking task as FAILED. dag_id=outcomes_dag, task_id=Load_to_staging, execution_date=20231120T000000, start_date=20231123T000004, end_date=20231123T000005
[2023-11-23T00:00:05.331+0000] {standard_task_runner.py:104} ERROR - Failed to execute job 153 for task Load_to_staging (400 No schema specified on job or table.; 770)
[2023-11-23T00:00:05.377+0000] {local_task_job_runner.py:228} INFO - Task exited with return code 1
[2023-11-23T01:12:51.595+0000] {taskinstance.py:1159} INFO - Dependencies all met for dep_context=non-requeueable deps ti=<TaskInstance: outcomes_dag.Load_to_staging scheduled__2023-11-20T00:00:00+00:00 [queued]>
[2023-11-23T01:12:51.599+0000] {taskinstance.py:1159} INFO - Dependencies all met for dep_context=requeueable deps ti=<TaskInstance: outcomes_dag.Load_to_staging scheduled__2023-11-20T00:00:00+00:00 [queued]>
[2023-11-23T01:12:51.599+0000] {taskinstance.py:1361} INFO - Starting attempt 8 of 8
[2023-11-23T01:12:51.604+0000] {taskinstance.py:1382} INFO - Executing <Task(PythonOperator): Load_to_staging> on 2023-11-20 00:00:00+00:00
[2023-11-23T01:12:51.609+0000] {standard_task_runner.py:57} INFO - Started process 1114 to run task
[2023-11-23T01:12:51.613+0000] {standard_task_runner.py:84} INFO - Running: ['***', 'tasks', 'run', 'outcomes_dag', 'Load_to_staging', 'scheduled__2023-11-20T00:00:00+00:00', '--job-id', '181', '--raw', '--subdir', 'DAGS_FOLDER/outcomes_dag.py', '--cfg-path', '/tmp/tmppud3chsg']
[2023-11-23T01:12:51.619+0000] {standard_task_runner.py:85} INFO - Job 181: Subtask Load_to_staging
[2023-11-23T01:12:51.659+0000] {task_command.py:416} INFO - Running <TaskInstance: outcomes_dag.Load_to_staging scheduled__2023-11-20T00:00:00+00:00 [running]> on host 75913536581a
[2023-11-23T01:12:51.702+0000] {taskinstance.py:1662} INFO - Exporting env vars: AIRFLOW_CTX_DAG_OWNER='***' AIRFLOW_CTX_DAG_ID='outcomes_dag' AIRFLOW_CTX_TASK_ID='Load_to_staging' AIRFLOW_CTX_EXECUTION_DATE='2023-11-20T00:00:00+00:00' AIRFLOW_CTX_TRY_NUMBER='8' AIRFLOW_CTX_DAG_RUN_ID='scheduled__2023-11-20T00:00:00+00:00'
[2023-11-23T01:12:52.218+0000] {taskinstance.py:1937} ERROR - Task failed with exception
Traceback (most recent call last):
  File "/home/airflow/.local/lib/python3.8/site-packages/airflow/operators/python.py", line 192, in execute
    return_value = self.execute_callable()
  File "/home/airflow/.local/lib/python3.8/site-packages/airflow/operators/python.py", line 209, in execute_callable
    return self.python_callable(*self.op_args, **self.op_kwargs)
  File "/opt/airflow/dags/ETL/load.py", line 41, in data_to_staging
    load_job.result()  # Wait for the job to complete
  File "/home/airflow/.local/lib/python3.8/site-packages/google/cloud/bigquery/job/base.py", line 922, in result
    return super(_AsyncJob, self).result(timeout=timeout, **kwargs)
  File "/home/airflow/.local/lib/python3.8/site-packages/google/api_core/future/polling.py", line 261, in result
    raise self._exception
google.api_core.exceptions.BadRequest: 400 No schema specified on job or table.
[2023-11-23T01:12:52.233+0000] {taskinstance.py:1400} INFO - Marking task as FAILED. dag_id=outcomes_dag, task_id=Load_to_staging, execution_date=20231120T000000, start_date=20231123T011251, end_date=20231123T011252
[2023-11-23T01:12:52.248+0000] {standard_task_runner.py:104} ERROR - Failed to execute job 181 for task Load_to_staging (400 No schema specified on job or table.; 1114)
[2023-11-23T01:12:52.283+0000] {local_task_job_runner.py:228} INFO - Task exited with return code 1
