[2023-11-21T18:16:23.537+0000] {taskinstance.py:1159} INFO - Dependencies all met for dep_context=non-requeueable deps ti=<TaskInstance: outcomes_dag.Transform manual__2023-11-21T18:16:19.336082+00:00 [queued]>
[2023-11-21T18:16:23.540+0000] {taskinstance.py:1159} INFO - Dependencies all met for dep_context=requeueable deps ti=<TaskInstance: outcomes_dag.Transform manual__2023-11-21T18:16:19.336082+00:00 [queued]>
[2023-11-21T18:16:23.540+0000] {taskinstance.py:1361} INFO - Starting attempt 1 of 1
[2023-11-21T18:16:23.545+0000] {taskinstance.py:1382} INFO - Executing <Task(PythonOperator): Transform> on 2023-11-21 18:16:19.336082+00:00
[2023-11-21T18:16:23.553+0000] {standard_task_runner.py:57} INFO - Started process 4633 to run task
[2023-11-21T18:16:23.555+0000] {standard_task_runner.py:84} INFO - Running: ['***', 'tasks', 'run', 'outcomes_dag', 'Transform', 'manual__2023-11-21T18:16:19.336082+00:00', '--job-id', '31', '--raw', '--subdir', 'DAGS_FOLDER/outcomes_dag.py', '--cfg-path', '/tmp/tmpcx9_sh00']
[2023-11-21T18:16:23.557+0000] {standard_task_runner.py:85} INFO - Job 31: Subtask Transform
[2023-11-21T18:16:23.585+0000] {task_command.py:416} INFO - Running <TaskInstance: outcomes_dag.Transform manual__2023-11-21T18:16:19.336082+00:00 [running]> on host 33d8c5494200
[2023-11-21T18:16:23.759+0000] {taskinstance.py:1662} INFO - Exporting env vars: AIRFLOW_CTX_DAG_OWNER='***' AIRFLOW_CTX_DAG_ID='outcomes_dag' AIRFLOW_CTX_TASK_ID='Transform' AIRFLOW_CTX_EXECUTION_DATE='2023-11-21T18:16:19.336082+00:00' AIRFLOW_CTX_TRY_NUMBER='1' AIRFLOW_CTX_DAG_RUN_ID='manual__2023-11-21T18:16:19.336082+00:00'
[2023-11-21T18:16:23.765+0000] {taskinstance.py:1937} ERROR - Task failed with exception
Traceback (most recent call last):
  File "/home/airflow/.local/lib/python3.8/site-packages/airflow/operators/python.py", line 192, in execute
    return_value = self.execute_callable()
  File "/home/airflow/.local/lib/python3.8/site-packages/airflow/operators/python.py", line 209, in execute_callable
    return self.python_callable(*self.op_args, **self.op_kwargs)
  File "/opt/airflow/dags/ETL/Transform.py", line 9, in transform_data
    new_data = pd.read_json(source_json)
  File "/home/airflow/.local/lib/python3.8/site-packages/pandas/io/json/_json.py", line 784, in read_json
    return json_reader.read()
  File "/home/airflow/.local/lib/python3.8/site-packages/pandas/io/json/_json.py", line 975, in read
    obj = self._get_object_parser(self.data)
  File "/home/airflow/.local/lib/python3.8/site-packages/pandas/io/json/_json.py", line 1001, in _get_object_parser
    obj = FrameParser(json, **kwargs).parse()
  File "/home/airflow/.local/lib/python3.8/site-packages/pandas/io/json/_json.py", line 1134, in parse
    self._parse()
  File "/home/airflow/.local/lib/python3.8/site-packages/pandas/io/json/_json.py", line 1319, in _parse
    self.obj = DataFrame(
  File "/home/airflow/.local/lib/python3.8/site-packages/pandas/core/frame.py", line 709, in __init__
    mgr = dict_to_mgr(data, index, columns, dtype=dtype, copy=copy, typ=manager)
  File "/home/airflow/.local/lib/python3.8/site-packages/pandas/core/internals/construction.py", line 481, in dict_to_mgr
    return arrays_to_mgr(arrays, columns, index, dtype=dtype, typ=typ, consolidate=copy)
  File "/home/airflow/.local/lib/python3.8/site-packages/pandas/core/internals/construction.py", line 115, in arrays_to_mgr
    index = _extract_index(arrays)
  File "/home/airflow/.local/lib/python3.8/site-packages/pandas/core/internals/construction.py", line 645, in _extract_index
    raise ValueError("If using all scalar values, you must pass an index")
ValueError: If using all scalar values, you must pass an index
[2023-11-21T18:16:23.784+0000] {taskinstance.py:1400} INFO - Marking task as FAILED. dag_id=outcomes_dag, task_id=Transform, execution_date=20231121T181619, start_date=20231121T181623, end_date=20231121T181623
[2023-11-21T18:16:23.790+0000] {standard_task_runner.py:104} ERROR - Failed to execute job 31 for task Transform (If using all scalar values, you must pass an index; 4633)
[2023-11-21T18:16:23.825+0000] {local_task_job_runner.py:228} INFO - Task exited with return code 1
[2023-11-21T18:16:23.840+0000] {taskinstance.py:2778} INFO - 0 downstream tasks scheduled from follow-on schedule check
